[    0.000000] Linux version 4.15.0-202-generic (buildd@lcy02-amd64-115) (gcc version 7.5.0 (Ubuntu 7.5.0-3ubuntu1~18.04)) #213-Ubuntu SMP Thu Jan 5 19:19:12 UTC 2023 (Ubuntu 4.15.0-202.213-generic 4.15.18)
[    0.000000] Command line: BOOT_IMAGE=/boot/vmlinuz-4.15.0-202-generic root=LABEL=cloudimg-rootfs ro console=tty1 console=ttyS0
[    0.000000] KERNEL supported cpus:
[    0.000000]   Intel GenuineIntel
[    0.000000]   AMD AuthenticAMD
[    0.000000]   Centaur CentaurHauls
[    0.000000] x86/fpu: x87 FPU will use FXSAVE
[    0.000000] e820: BIOS-provided physical RAM map:
[    0.000000] BIOS-e820: [mem 0x0000000000000000-0x000000000009fbff] usable
[    0.000000] BIOS-e820: [mem 0x000000000009fc00-0x000000000009ffff] reserved
[    0.000000] BIOS-e820: [mem 0x00000000000f0000-0x00000000000fffff] reserved
[    0.000000] BIOS-e820: [mem 0x0000000000100000-0x000000003ffeffff] usable
[    0.000000] BIOS-e820: [mem 0x000000003fff0000-0x000000003fffffff] ACPI data
[    0.000000] BIOS-e820: [mem 0x00000000fec00000-0x00000000fec00fff] reserved
[    0.000000] BIOS-e820: [mem 0x00000000fee00000-0x00000000fee00fff] reserved
[    0.000000] BIOS-e820: [mem 0x00000000fffc0000-0x00000000ffffffff] reserved
[    0.000000] NX (Execute Disable) protection: active
[    0.000000] SMBIOS 2.5 present.
[    0.000000] DMI: innotek GmbH VirtualBox/VirtualBox, BIOS VirtualBox 12/01/2006
[    0.000000] Hypervisor detected: KVM
[    0.000000] e820: last_pfn = 0x3fff0 max_arch_pfn = 0x400000000
[    0.000000] MTRR: Disabled
[    0.000000] x86/PAT: MTRRs disabled, skipping PAT initialization too.
[    0.000000] CPU MTRRs all blank - virtualized system.
[    0.000000] x86/PAT: Configuration [0-7]: WB  WT  UC- UC  WB  WT  UC- UC  
[    0.000000] found SMP MP-table at [mem 0x0009fff0-0x0009ffff]
[    0.000000] Scanning 1 areas for low memory corruption
[    0.000000] RAMDISK: [mem 0x359c9000-0x36cdbfff]
[    0.000000] ACPI: Early table checksum verification disabled
[    0.000000] ACPI: RSDP 0x00000000000E0000 000024 (v02 VBOX  )
[    0.000000] ACPI: XSDT 0x000000003FFF0030 00003C (v01 VBOX   VBOXXSDT 00000001 ASL  00000061)
[    0.000000] ACPI: FACP 0x000000003FFF00F0 0000F4 (v04 VBOX   VBOXFACP 00000001 ASL  00000061)
[    0.000000] ACPI: DSDT 0x000000003FFF0470 002325 (v02 VBOX   VBOXBIOS 00000002 INTL 20100528)
[    0.000000] ACPI: FACS 0x000000003FFF0200 000040
[    0.000000] ACPI: FACS 0x000000003FFF0200 000040
[    0.000000] ACPI: APIC 0x000000003FFF0240 00005C (v02 VBOX   VBOXAPIC 00000001 ASL  00000061)
[    0.000000] ACPI: SSDT 0x000000003FFF02A0 0001CC (v01 VBOX   VBOXCPUT 00000002 INTL 20100528)
[    0.000000] ACPI: Reserving FACP table memory at [mem 0x3fff00f0-0x3fff01e3]
[    0.000000] ACPI: Reserving DSDT table memory at [mem 0x3fff0470-0x3fff2794]
[    0.000000] ACPI: Reserving FACS table memory at [mem 0x3fff0200-0x3fff023f]
[    0.000000] ACPI: Reserving FACS table memory at [mem 0x3fff0200-0x3fff023f]
[    0.000000] ACPI: Reserving APIC table memory at [mem 0x3fff0240-0x3fff029b]
[    0.000000] ACPI: Reserving SSDT table memory at [mem 0x3fff02a0-0x3fff046b]
[    0.000000] No NUMA configuration found
[    0.000000] Faking a node at [mem 0x0000000000000000-0x000000003ffeffff]
[    0.000000] NODE_DATA(0) allocated [mem 0x3ffc5000-0x3ffeffff]
[    0.000000] kvm-clock: cpu 0, msr 0:3ff44001, primary cpu clock
[    0.000000] kvm-clock: Using msrs 4b564d01 and 4b564d00
[    0.000000] kvm-clock: using sched offset of 4222458636 cycles
[    0.000000] clocksource: kvm-clock: mask: 0xffffffffffffffff max_cycles: 0x1cd42e4dffb, max_idle_ns: 881590591483 ns
[    0.000000] Zone ranges:
[    0.000000]   DMA      [mem 0x0000000000001000-0x0000000000ffffff]
[    0.000000]   DMA32    [mem 0x0000000001000000-0x000000003ffeffff]
[    0.000000]   Normal   empty
[    0.000000]   Device   empty
[    0.000000] Movable zone start for each node
[    0.000000] Early memory node ranges
[    0.000000]   node   0: [mem 0x0000000000001000-0x000000000009efff]
[    0.000000]   node   0: [mem 0x0000000000100000-0x000000003ffeffff]
[    0.000000] Reserved but unavailable: 104 pages
[    0.000000] Initmem setup node 0 [mem 0x0000000000001000-0x000000003ffeffff]
[    0.000000] ACPI: PM-Timer IO Port: 0x4008
[    0.000000] IOAPIC[0]: apic_id 2, version 32, address 0xfec00000, GSI 0-23
[    0.000000] ACPI: INT_SRC_OVR (bus 0 bus_irq 0 global_irq 2 dfl dfl)
[    0.000000] ACPI: INT_SRC_OVR (bus 0 bus_irq 9 global_irq 9 low level)
[    0.000000] Using ACPI (MADT) for SMP configuration information
[    0.000000] smpboot: Allowing 2 CPUs, 0 hotplug CPUs
[    0.000000] PM: Registered nosave memory: [mem 0x00000000-0x00000fff]
[    0.000000] PM: Registered nosave memory: [mem 0x0009f000-0x0009ffff]
[    0.000000] PM: Registered nosave memory: [mem 0x000a0000-0x000effff]
[    0.000000] PM: Registered nosave memory: [mem 0x000f0000-0x000fffff]
[    0.000000] e820: [mem 0x40000000-0xfebfffff] available for PCI devices
[    0.000000] Booting paravirtualized kernel on KVM
[    0.000000] clocksource: refined-jiffies: mask: 0xffffffff max_cycles: 0xffffffff, max_idle_ns: 7645519600211568 ns
[    0.000000] setup_percpu: NR_CPUS:8192 nr_cpumask_bits:2 nr_cpu_ids:2 nr_node_ids:1
[    0.000000] percpu: Embedded 50 pages/cpu s167936 r8192 d28672 u1048576
[    0.000000] PV qspinlock hash table entries: 256 (order: 0, 4096 bytes)
[    0.000000] Built 1 zonelists, mobility grouping on.  Total pages: 257913
[    0.000000] Policy zone: DMA32
[    0.000000] Kernel command line: BOOT_IMAGE=/boot/vmlinuz-4.15.0-202-generic root=LABEL=cloudimg-rootfs ro console=tty1 console=ttyS0
[    0.000000] Memory: 982648K/1048120K available (12300K kernel code, 2477K rwdata, 4320K rodata, 2472K init, 2720K bss, 65472K reserved, 0K cma-reserved)
[    0.000000] SLUB: HWalign=64, Order=0-3, MinObjects=0, CPUs=2, Nodes=1
[    0.000000] Kernel/User page tables isolation: enabled
[    0.000000] ftrace: allocating 39478 entries in 155 pages
[    0.004000] Hierarchical RCU implementation.
[    0.004000] 	RCU restricting CPUs from NR_CPUS=8192 to nr_cpu_ids=2.
[    0.004000] 	Tasks RCU enabled.
[    0.004000] RCU: Adjusting geometry for rcu_fanout_leaf=16, nr_cpu_ids=2
[    0.004000] NR_IRQS: 524544, nr_irqs: 440, preallocated irqs: 16
[    0.004000] Console: colour VGA+ 80x25
[    0.004000] console [tty1] enabled
[    0.004000] console [ttyS0] enabled
[    0.004000] ACPI: Core revision 20170831
[    0.004000] ACPI: 2 ACPI AML tables successfully acquired and loaded
[    0.004000] APIC: Switch to symmetric I/O mode setup
[    0.004000] ..TIMER: vector=0x30 apic1=0 pin1=2 apic2=-1 pin2=-1
[    0.004005] tsc: Detected 3600.000 MHz processor
[    0.008010] Calibrating delay loop (skipped) preset value.. 7200.00 BogoMIPS (lpj=14400000)
[    0.012004] pid_max: default: 32768 minimum: 301
[    0.016089] Security Framework initialized
[    0.020004] Yama: becoming mindful.
[    0.023791] AppArmor: AppArmor initialized
[    0.029239] Dentry cache hash table entries: 131072 (order: 8, 1048576 bytes)
[    0.033971] Inode-cache hash table entries: 65536 (order: 7, 524288 bytes)
[    0.036095] Mount-cache hash table entries: 2048 (order: 2, 16384 bytes)
[    0.040069] Mountpoint-cache hash table entries: 2048 (order: 2, 16384 bytes)
[    0.049032] Last level iTLB entries: 4KB 64, 2MB 8, 4MB 8
[    0.052003] Last level dTLB entries: 4KB 64, 2MB 0, 4MB 0, 1GB 4
[    0.056004] Spectre V1 : Mitigation: usercopy/swapgs barriers and __user pointer sanitization
[    0.060004] Spectre V2 : Mitigation: Retpolines
[    0.064003] Spectre V2 : Spectre v2 / SpectreRSB mitigation: Filling RSB on context switch
[    0.068004] Speculative Store Bypass: Vulnerable
[    0.072080] MDS: Mitigation: Clear CPU buffers
[    0.076003] MMIO Stale Data: Mitigation: Clear CPU buffers
[    0.080151] Freeing SMP alternatives memory: 36K
[    0.198591] smpboot: CPU0: Intel(R) Core(TM) i7-7700 CPU @ 3.60GHz (family: 0x6, model: 0x9e, stepping: 0x9)
[    0.204175] Performance Events: unsupported p6 CPU model 158 no PMU driver, software events only.
[    0.208127] Hierarchical SRCU implementation.
[    0.212842] NMI watchdog: Perf event create on CPU 0 failed with -2
[    0.216008] NMI watchdog: Perf NMI watchdog permanently disabled
[    0.220307] smp: Bringing up secondary CPUs ...
[    0.225102] x86: Booting SMP configuration:
[    0.228093] .... node  #0, CPUs:      #1
[    0.004000] kvm-clock: cpu 1, msr 0:3ff44041, secondary cpu clock
[    0.243892] TSC synchronization [CPU#0 -> CPU#1]:
[    0.244000] Measured 225295 cycles TSC warp between CPUs, turning off TSC clock.
[    0.244000] tsc: Marking TSC unstable due to check_tsc_sync_source failed
[    0.248284] smp: Brought up 1 node, 2 CPUs
[    0.252008] smpboot: Max logical packages: 1
[    0.256006] smpboot: Total of 2 processors activated (14400.00 BogoMIPS)
[    0.264020] devtmpfs: initialized
[    0.268132] x86/mm: Memory block size: 128MB
[    0.272400] evm: security.selinux
[    0.276005] evm: security.SMACK64
[    0.280005] evm: security.SMACK64EXEC
[    0.284002] evm: security.SMACK64TRANSMUTE
[    0.288002] evm: security.SMACK64MMAP
[    0.292002] evm: security.apparmor
[    0.296002] evm: security.ima
[    0.298895] evm: security.capability
[    0.304541] clocksource: jiffies: mask: 0xffffffff max_cycles: 0xffffffff, max_idle_ns: 7645041785100000 ns
[    0.308012] futex hash table entries: 512 (order: 3, 32768 bytes)
[    0.316114] pinctrl core: initialized pinctrl subsystem
[    0.320548] RTC time: 12:43:18, date: 01/26/23
[    0.328422] NET: Registered protocol family 16
[    0.332122] audit: initializing netlink subsys (disabled)
[    0.340109] audit: type=2000 audit(1674737003.817:1): state=initialized audit_enabled=0 res=1
[    0.348006] cpuidle: using governor ladder
[    0.352007] cpuidle: using governor menu
[    0.356036] ACPI: bus type PCI registered
[    0.360003] acpiphp: ACPI Hot Plug PCI Controller Driver version: 0.5
[    0.364625] PCI: Using configuration type 1 for base access
[    0.376010] HugeTLB registered 2.00 MiB page size, pre-allocated 0 pages
[    0.388089] ACPI: Added _OSI(Module Device)
[    0.392007] ACPI: Added _OSI(Processor Device)
[    0.396004] ACPI: Added _OSI(3.0 _SCP Extensions)
[    0.400005] ACPI: Added _OSI(Processor Aggregator Device)
[    0.404004] ACPI: Added _OSI(Linux-Dell-Video)
[    0.408003] ACPI: Added _OSI(Linux-Lenovo-NV-HDMI-Audio)
[    0.412005] ACPI: Added _OSI(Linux-HPI-Hybrid-Graphics)
[    0.420185] ACPI: Executed 1 blocks of module-level executable AML code
[    0.432262] ACPI: Interpreter enabled
[    0.436020] ACPI: (supports S0 S5)
[    0.440003] ACPI: Using IOAPIC for interrupt routing
[    0.444425] PCI: Using host bridge windows from ACPI; if necessary, use "pci=nocrs" and report a bug
[    0.448327] ACPI: Enabled 2 GPEs in block 00 to 07
[    0.466553] ACPI: PCI Root Bridge [PCI0] (domain 0000 [bus 00-ff])
[    0.468011] acpi PNP0A03:00: _OSC: OS supports [ASPM ClockPM Segments MSI]
[    0.473018] acpi PNP0A03:00: _OSC: not requesting OS control; OS requires [ExtendedConfig ASPM ClockPM MSI]
[    0.476037] acpi PNP0A03:00: fail to add MMCONFIG information, can't access extended PCI configuration space under this bridge.
[    0.484447] PCI host bridge to bus 0000:00
[    0.488006] pci_bus 0000:00: root bus resource [io  0x0000-0x0cf7 window]
[    0.492015] pci_bus 0000:00: root bus resource [io  0x0d00-0xffff window]
[    0.496010] pci_bus 0000:00: root bus resource [mem 0x000a0000-0x000bffff window]
[    0.504016] pci_bus 0000:00: root bus resource [mem 0x40000000-0xfdffffff window]
[    0.508008] pci_bus 0000:00: root bus resource [bus 00-ff]
[    0.523156] pci 0000:00:01.1: legacy IDE quirk: reg 0x10: [io  0x01f0-0x01f7]
[    0.524010] pci 0000:00:01.1: legacy IDE quirk: reg 0x14: [io  0x03f6]
[    0.528007] pci 0000:00:01.1: legacy IDE quirk: reg 0x18: [io  0x0170-0x0177]
[    0.532011] pci 0000:00:01.1: legacy IDE quirk: reg 0x1c: [io  0x0376]
[    0.561931] pci 0000:00:07.0: quirk: [io  0x4000-0x403f] claimed by PIIX4 ACPI
[    0.564042] pci 0000:00:07.0: quirk: [io  0x4100-0x410f] claimed by PIIX4 SMB
[    0.576122] ACPI: PCI Interrupt Link [LNKA] (IRQs 5 9 10 *11)
[    0.580736] ACPI: PCI Interrupt Link [LNKB] (IRQs 5 9 *10 11)
[    0.584265] ACPI: PCI Interrupt Link [LNKC] (IRQs 5 *9 10 11)
[    0.588244] ACPI: PCI Interrupt Link [LNKD] (IRQs 5 9 10 *11)
[    0.592826] SCSI subsystem initialized
[    0.596223] pci 0000:00:02.0: vgaarb: setting as boot VGA device
[    0.600000] pci 0000:00:02.0: vgaarb: VGA device added: decodes=io+mem,owns=io+mem,locks=none
[    0.600006] pci 0000:00:02.0: vgaarb: bridge control possible
[    0.604004] vgaarb: loaded
[    0.606882] ACPI: bus type USB registered
[    0.608026] usbcore: registered new interface driver usbfs
[    0.612014] usbcore: registered new interface driver hub
[    0.616016] usbcore: registered new device driver usb
[    0.620381] EDAC MC: Ver: 3.0.0
[    0.624965] PCI: Using ACPI for IRQ routing
[    0.632669] NetLabel: Initializing
[    0.636000] NetLabel:  domain hash size = 128
[    0.636002] NetLabel:  protocols = UNLABELED CIPSOv4 CALIPSO
[    0.640020] NetLabel:  unlabeled traffic allowed by default
[    0.648294] clocksource: Switched to clocksource kvm-clock
[    0.658536] VFS: Disk quotas dquot_6.6.0
[    0.658536] VFS: Dquot-cache hash table entries: 512 (order 0, 4096 bytes)
[    0.658536] AppArmor: AppArmor Filesystem Enabled
[    0.658536] pnp: PnP ACPI init
[    0.658536] pnp: PnP ACPI: found 3 devices
[    0.775126] clocksource: acpi_pm: mask: 0xffffff max_cycles: 0xffffff, max_idle_ns: 2085701024 ns
[    0.776579] NET: Registered protocol family 2
[    0.776579] IP idents hash table entries: 16384 (order: 5, 131072 bytes)
[    0.797308] TCP established hash table entries: 8192 (order: 4, 65536 bytes)
[    0.807117] TCP bind hash table entries: 8192 (order: 5, 131072 bytes)
[    0.816244] TCP: Hash tables configured (established 8192 bind 8192)
[    0.823808] UDP hash table entries: 512 (order: 2, 16384 bytes)
[    0.829816] UDP-Lite hash table entries: 512 (order: 2, 16384 bytes)
[    0.833713] NET: Registered protocol family 1
[    0.833713] pci 0000:00:00.0: Limiting direct PCI/PCI transfers
[    0.833713] pci 0000:00:01.0: Activating ISA DMA hang workarounds
[    0.833713] pci 0000:00:02.0: Video device with shadowed ROM at [mem 0x000c0000-0x000dffff]
[    0.833713] Unpacking initramfs...
[    1.368320] Freeing initrd memory: 19532K
[    1.374794] clocksource: tsc: mask: 0xffffffffffffffff max_cycles: 0x33e452fbb2f, max_idle_ns: 440795236593 ns
[    1.384210] platform rtc_cmos: registered platform RTC device (no PNP device found)
[    1.392708] Scanning for low memory corruption every 60 seconds
[    1.401948] Initialise system trusted keyrings
[    1.407015] Key type blacklist registered
[    1.411834] workingset: timestamp_bits=36 max_order=18 bucket_order=0
[    1.421416] zbud: loaded
[    1.426115] squashfs: version 4.0 (2009/01/31) Phillip Lougher
[    1.433379] fuse init (API version 7.26)
[    1.474428] Key type asymmetric registered
[    1.479212] Asymmetric key parser 'x509' registered
[    1.484801] Block layer SCSI generic (bsg) driver version 0.4 loaded (major 246)
[    1.493453] io scheduler noop registered
[    1.498109] io scheduler deadline registered
[    1.503417] io scheduler cfq registered (default)
[    1.509741] ACPI: AC Adapter [AC] (on-line)
[    1.514424] input: Power Button as /devices/LNXSYSTM:00/LNXPWRBN:00/input/input0
[    1.523306] ACPI: Power Button [PWRF]
[    1.527286] input: Sleep Button as /devices/LNXSYSTM:00/LNXSLPBN:00/input/input1
[    1.536636] ACPI: Sleep Button [SLPF]
[    1.544453] Serial: 8250/16550 driver, 32 ports, IRQ sharing enabled
[    1.581675] 00:02: ttyS0 at I/O 0x3f8 (irq = 4, base_baud = 115200) is a 16550A
[    1.607581] Linux agpgart interface v0.103
[    1.621475] loop: module loaded
[    1.627912] scsi host0: ata_piix
[    1.631891] scsi host1: ata_piix
[    1.635835] ata1: PATA max UDMA/33 cmd 0x1f0 ctl 0x3f6 bmdma 0xd000 irq 14
[    1.642576] ata2: PATA max UDMA/33 cmd 0x170 ctl 0x376 bmdma 0xd008 irq 15
[    1.649362] tun: Universal TUN/TAP device driver, 1.6
[    1.655509] PPP generic driver version 2.4.2
[    1.660510] ehci_hcd: USB 2.0 'Enhanced' Host Controller (EHCI) Driver
[    1.668306] ehci-pci: EHCI PCI platform driver
[    1.673039] ehci-platform: EHCI generic platform driver
[    1.678448] ohci_hcd: USB 1.1 'Open' Host Controller (OHCI) Driver
[    1.684719] ohci-pci: OHCI PCI platform driver
[    1.689251] ohci-platform: OHCI generic platform driver
[    1.693181] uhci_hcd: USB Universal Host Controller Interface driver
[    1.701300] i8042: PNP: PS/2 Controller [PNP0303:PS2K,PNP0f03:PS2M] at 0x60,0x64 irq 1,12
[    1.712675] serio: i8042 KBD port at 0x60,0x64 irq 1
[    1.718152] serio: i8042 AUX port at 0x60,0x64 irq 12
[    1.724350] mousedev: PS/2 mouse device common for all mice
[    1.734417] rtc_cmos rtc_cmos: rtc core: registered rtc_cmos as rtc0
[    1.741638] input: AT Translated Set 2 keyboard as /devices/platform/i8042/serio0/input/input2
[    1.751398] rtc_cmos rtc_cmos: alarms up to one day, 114 bytes nvram
[    1.759135] i2c /dev entries driver
[    1.762911] device-mapper: uevent: version 1.0.3
[    1.769402] device-mapper: ioctl: 4.37.0-ioctl (2017-09-20) initialised: dm-devel@redhat.com
[    1.778337] ledtrig-cpu: registered to indicate activity on CPUs
[    1.787258] NET: Registered protocol family 10
[    1.804150] Segment Routing with IPv6
[    1.807896] NET: Registered protocol family 17
[    1.840633] Key type dns_resolver registered
[    1.871489] mce: Using 0 MCE banks
[    1.875690] RAS: Correctable Errors collector initialized.
[    1.881109] sched_clock: Marking stable (1880959528, 0)->(2834561125, -953601597)
[    1.892776] registered taskstats version 1
[    1.897538] Loading compiled-in X.509 certificates
[    1.906962] Loaded X.509 cert 'Build time autogenerated kernel key: f114f3958ed3c37ba1924ca66ae8368f3c35b0e4'
[    1.917440] Loaded X.509 cert 'Canonical Ltd. Live Patch Signing: 14df34d1a87cf37625abec039ef2bf521249b969'
[    1.928037] Loaded X.509 cert 'Canonical Ltd. Kernel Module Signing: 88f752e560a1e0737e31163a466ad7b70a850c19'
[    1.939033] blacklist: Loading compiled-in revocation X.509 certificates
[    1.945631] Loaded X.509 cert 'Canonical Ltd. Secure Boot Signing: 61482aa2830d0ab2ad5af10b7250da9033ddcef0'
[    1.955656] zswap: loaded using pool lzo/zbud
[    1.970254] Key type big_key registered
[    1.974717] Key type trusted registered
[    1.982978] Key type encrypted registered
[    1.987220] AppArmor: AppArmor sha1 policy hashing enabled
[    1.993653] ima: No TPM chip found, activating TPM-bypass! (rc=-19)
[    2.000227] ima: Allocated hash algorithm: sha1
[    2.005004] evm: HMAC attrs: 0x1
[    2.008894]   Magic number: 7:878:734
[    2.013059] rtc_cmos rtc_cmos: setting system clock to 2023-01-26 12:43:20 UTC (1674737000)
[    2.023165] BIOS EDD facility v0.16 2004-Jun-25, 0 devices found
[    2.029998] EDD information not available.
[    2.037740] Freeing unused kernel image memory: 2472K
[    2.068081] Write protecting the kernel read-only data: 20480k
[    2.076406] Freeing unused kernel image memory: 2008K
[    2.082639] Freeing unused kernel image memory: 1824K
[    2.094970] x86/mm: Checked W+X mappings: passed, no W+X pages found.
[    2.101368] x86/mm: Checking user space page tables
[    2.110302] x86/mm: Checked W+X mappings: passed, no W+X pages found.
Loading, please wait...
starting version 237
[    2.206683] e1000: Intel(R) PRO/1000 Network Driver - version 7.3.21-k8-NAPI
[    2.214141] e1000: Copyright (c) 1999-2006 Intel Corporation.
[    2.230629] Fusion MPT base driver 3.04.20
[    2.235815] Copyright (c) 1999-2008 LSI Corporation
[    2.275733] Fusion MPT SPI Host driver 3.04.20
[    2.476870] input: ImExPS/2 Generic Explorer Mouse as /devices/platform/i8042/serio1/input/input4
[    2.978243] e1000 0000:00:03.0 eth0: (PCI:33MHz:32-bit) 02:0c:5d:76:46:7f
[    2.985607] e1000 0000:00:03.0 eth0: Intel(R) PRO/1000 Network Connection
[    2.997074] mptbase: ioc0: Initiating bringup
[    2.997867] e1000 0000:00:03.0 enp0s3: renamed from eth0
[    3.110701] ioc0: LSI53C1030 A0: Capabilities={Initiator}
[    3.859627] scsi host2: ioc0: LSI53C1030 A0, FwRev=00000000h, Ports=1, MaxQ=256, IRQ=20
[    4.332573] scsi 2:0:0:0: Direct-Access     VBOX     HARDDISK         1.0  PQ: 0 ANSI: 5
[    4.385075] scsi target2:0:0: Beginning Domain Validation
[    4.399419] scsi target2:0:0: Domain Validation skipping write tests
[    4.405612] scsi target2:0:0: Ending Domain Validation
[    4.410986] scsi target2:0:0: asynchronous
[    4.417679] scsi 2:0:1:0: Direct-Access     VBOX     HARDDISK         1.0  PQ: 0 ANSI: 5
[    5.364537] scsi target2:0:1: Beginning Domain Validation
[    5.376284] scsi target2:0:1: Domain Validation skipping write tests
[    5.382995] scsi target2:0:1: Ending Domain Validation
[    5.389052] scsi target2:0:1: asynchronous
[    5.407607] sd 2:0:0:0: Attached scsi generic sg0 type 0
[    5.414288] sd 2:0:1:0: Attached scsi generic sg1 type 0
[    5.422136] sd 2:0:0:0: [sda] 83886080 512-byte logical blocks: (42.9 GB/40.0 GiB)
[    5.428426] sd 2:0:1:0: [sdb] 20480 512-byte logical blocks: (10.5 MB/10.0 MiB)
[    5.439693] sd 2:0:0:0: [sda] Write Protect is off
[    5.439723] sd 2:0:1:0: [sdb] Write Protect is off
[    5.451961] sd 2:0:0:0: [sda] Incomplete mode parameter data
[    5.452276] sd 2:0:1:0: [sdb] Incomplete mode parameter data
[    5.458597] sd 2:0:0:0: [sda] Assuming drive cache: write through
[    5.464543] sd 2:0:1:0: [sdb] Assuming drive cache: write through
[    5.521698]  sda: sda1
[    5.525725] sd 2:0:1:0: [sdb] Attached SCSI disk
[    5.535296] sd 2:0:0:0: [sda] Attached SCSI disk
Begin: Loading essential drivers ... 